<?xml version="1.0" encoding="UTF-8"?>
<!-- Generated by org.testng.reporters.JUnitReportReporter -->
<testsuite skipped="0" hostname="DESKTOP-7D8EIBK" name="com.arikshaalertingsystem.scripts.CreateConfig" tests="1" failures="0" timestamp="2021-02-23T15:02:56 IST" time="0.930" errors="0">
  <testcase name="createConfiguration" time="0.930" classname="com.arikshaalertingsystem.scripts.CreateConfig"/>
  <system-out/>
</testsuite> <!-- com.arikshaalertingsystem.scripts.CreateConfig -->
