<?xml version="1.0" encoding="UTF-8"?>
<!-- Generated by org.testng.reporters.JUnitReportReporter -->
<testsuite skipped="0" hostname="DESKTOP-7D8EIBK" name="com.arikshaalertingsystem.scripts.ReadOrganization" tests="1" failures="0" timestamp="2021-02-23T15:02:56 IST" time="2.431" errors="0">
  <testcase name="readOrg" time="2.431" classname="com.arikshaalertingsystem.scripts.ReadOrganization"/>
  <system-out/>
</testsuite> <!-- com.arikshaalertingsystem.scripts.ReadOrganization -->
