<?xml version="1.0" encoding="UTF-8"?>
<!-- Generated by org.testng.reporters.JUnitReportReporter -->
<testsuite hostname="Ty-Deepak-Tr" name="crud.practice.program.PostComplexRequest_using_PojoClass" tests="1" failures="0" timestamp="31 Dec 2020 11:06:50 GMT" time="2.489" errors="0">
  <testcase name="sampleTest" time="2.489" classname="crud.practice.program.PostComplexRequest_using_PojoClass"/>
</testsuite> <!-- crud.practice.program.PostComplexRequest_using_PojoClass -->
