<?xml version="1.0" encoding="UTF-8"?>
<!-- Generated by org.testng.reporters.JUnitReportReporter -->
<testsuite hostname="Ty-Deepak-Tr" name="com.rmgyantra.api.projects.AddSingleProjectWithOnGoing" tests="1" failures="0" timestamp="4 Jan 2021 06:46:32 GMT" time="3.354" errors="0">
  <testcase name="createProjectWithCreatedStatus" time="3.354" classname="com.rmgyantra.api.projects.AddSingleProjectWithOnGoing"/>
</testsuite> <!-- com.rmgyantra.api.projects.AddSingleProjectWithOnGoing -->
