<?xml version="1.0" encoding="UTF-8"?>
<!-- Generated by org.testng.reporters.JUnitReportReporter -->
<testsuite skipped="0" hostname="Ty-Deepak-Tr" name="com.rmgyantra.api.projects.AddSingleProjectWithCreated" tests="1" failures="0" timestamp="2021-01-04T12:34:36 IST" time="3.480" errors="0">
  <testcase name="createProjectWithCreatedStatus" time="3.480" classname="com.rmgyantra.api.projects.AddSingleProjectWithCreated"/>
  <system-out/>
</testsuite> <!-- com.rmgyantra.api.projects.AddSingleProjectWithCreated -->
