<?xml version="1.0" encoding="UTF-8"?>
<!-- Generated by org.testng.reporters.JUnitReportReporter -->
<testsuite hostname="Ty-Deepak-Tr" name="comrmgyantra.api.projecttest.CreateProject_BDD" tests="1" failures="0" timestamp="31 Dec 2020 10:30:51 GMT" time="2.691" errors="0">
  <testcase name="getallProjectsTest" time="2.691" classname="comrmgyantra.api.projecttest.CreateProject_BDD"/>
</testsuite> <!-- comrmgyantra.api.projecttest.CreateProject_BDD -->
