<?xml version="1.0" encoding="UTF-8"?>
<!-- Generated by org.testng.reporters.JUnitReportReporter -->
<testsuite hostname="Ty-Deepak-Tr" name="comrmgyantra.api.projecttest.DeleteProject" tests="1" failures="0" timestamp="31 Dec 2020 10:34:05 GMT" time="2.485" errors="0">
  <testcase name="deleteProject" time="2.485" classname="comrmgyantra.api.projecttest.DeleteProject"/>
</testsuite> <!-- comrmgyantra.api.projecttest.DeleteProject -->
