<?xml version="1.0" encoding="UTF-8"?>
<!-- Generated by org.testng.reporters.JUnitReportReporter -->
<testsuite hostname="Ty-Deepak-Tr" name="crud.practice.program.PostComplexRequest_Vai_Json" tests="1" failures="0" timestamp="31 Dec 2020 10:56:59 GMT" time="1.988" errors="0">
  <testcase name="sampleTest" time="1.988" classname="crud.practice.program.PostComplexRequest_Vai_Json"/>
</testsuite> <!-- crud.practice.program.PostComplexRequest_Vai_Json -->
