<?xml version="1.0" encoding="UTF-8"?>
<!-- Generated by org.testng.reporters.JUnitReportReporter -->
<testsuite hostname="Ty-Deepak-Tr" name="comrmgyantra.api.projecttest.CreateProject" tests="1" failures="0" timestamp="31 Dec 2020 08:26:49 GMT" time="3.262" errors="0">
  <testcase name="getallProjectsTest" time="3.262" classname="comrmgyantra.api.projecttest.CreateProject"/>
</testsuite> <!-- comrmgyantra.api.projecttest.CreateProject -->
