<?xml version="1.0" encoding="UTF-8"?>
<!-- Generated by org.testng.reporters.JUnitReportReporter -->
<testsuite hostname="Ty-Deepak-Tr" name="comrmgyantra.api.projecttest.ProjectTest" tests="1" failures="0" timestamp="31 Dec 2020 08:15:19 GMT" time="1.852" errors="0">
  <testcase name="getallProjectsTest" time="1.852" classname="comrmgyantra.api.projecttest.ProjectTest"/>
</testsuite> <!-- comrmgyantra.api.projecttest.ProjectTest -->
